Lockfile is up to date, resolution step is skipped
Progress: resolved 1, reused 0, downloaded 0, added 0
Packages: +1021
++++++++++++++++++++++++++++++++++++++++++++++++++++++++++++++++++++++++++++++++

   ╭──────────────────────────────────────────╮
   │                                          │
   │   Update available! 10.28.0 → 10.30.1.   │
   │   Changelog: https://pnpm.io/v/10.30.1   │
   │     To update, run: pnpm add -g pnpm     │
   │                                          │
   ╰──────────────────────────────────────────╯

Progress: resolved 1021, reused 0, downloaded 21, added 4
Progress: resolved 1021, reused 0, downloaded 115, added 115
Progress: resolved 1021, reused 0, downloaded 220, added 220
Progress: resolved 1021, reused 0, downloaded 312, added 312
Progress: resolved 1021, reused 0, downloaded 467, added 464
Progress: resolved 1021, reused 0, downloaded 639, added 636
Progress: resolved 1021, reused 0, downloaded 803, added 797
Progress: resolved 1021, reused 0, downloaded 1021, added 1021, done

dependencies:
+ @echarts-readymade/core 1.2.0
+ @echarts-readymade/line 1.2.0
+ @echarts-readymade/scatter 1.2.0
+ @headlessui/react 2.2.9
+ @heroicons/react 2.2.0
+ @stdlib/stats-pcorrtest 0.2.3
+ @tanstack/react-table 8.21.3
+ classnames 2.5.1
+ echarts 5.6.0
+ echarts-for-react 3.0.6
+ echarts-stat 1.2.0
+ jotai 2.17.1
+ lodash.orderby 4.6.0
+ ogl 1.0.11
+ react 19.2.3
+ react-dom 19.2.3
+ react-markdown 10.1.0

devDependencies:
+ @playwright/test 1.56.1
+ @tailwindcss/vite 4.1.18
+ @types/react 19.2.14
+ @types/react-dom 19.2.3
+ @vitejs/plugin-react 5.1.4
+ autoprefixer 10.4.24
+ baseline-browser-mapping 2.9.19
+ postcss 8.5.6
+ pwa-asset-generator 8.1.2
+ tailwindcss 4.1.18
+ typescript 5.9.2
+ vite 7.1.12
+ vite-plugin-pwa 1.2.0

╭ Warning ─────────────────────────────────────────────────────────────────────╮
│                                                                              │
│   Ignored build scripts: esbuild@0.25.11.                                    │
│   Run "pnpm approve-builds" to pick which dependencies should be allowed     │
│   to run scripts.                                                            │
│                                                                              │
╰──────────────────────────────────────────────────────────────────────────────╯
Done in 9.5s using pnpm v10.28.0
